2025-04-04 03:22:12.111081 - Received CBT.V508.FILE1001.PDS from FILE1001.XMI 
2025-04-04 03:22:12.111822 - Found $$$#DATE.txt (text/plain) in CBT.V508.FILE1001.PDS, moved to PDS/$$$#DATE
2025-04-04 03:22:12.111983 - Found $README.txt (text/plain) in CBT.V508.FILE1001.PDS, moved to PDS/$README
2025-04-04 03:22:12.112326 - Found @FIL1001.txt (text/plain) in CBT.V508.FILE1001.PDS, moved to PDS/@FIL1001
2025-04-04 03:22:12.112475 - Found EXECS.xmi (application/xmit) in CBT.V508.FILE1001.PDS, moved to PDS/EXECS.xmi
2025-04-04 03:22:12.201208 - Received PVELS.CBT.EXEC from EXECS.xmi 
2025-04-04 03:22:12.201807 - Found FERNSIDE.rexx (text/plain) in PVELS.CBT.EXEC, moved to EXECS/FERNSIDE
2025-04-04 03:22:12.201949 - Found MANDELBR.rexx (text/plain) in PVELS.CBT.EXEC, moved to EXECS/MANDELBR
2025-04-04 03:22:12.202076 - Found PVALLOCD.rexx (text/plain) in PVELS.CBT.EXEC, moved to EXECS/PVALLOCD
2025-04-04 03:22:12.202199 - Found PVCPUPCT.rexx (text/plain) in PVELS.CBT.EXEC, moved to EXECS/PVCPUPCT
2025-04-04 03:22:12.202325 - Found PVJCL.bin (application/octet-stream) in PVELS.CBT.EXEC, moved to EXECS/PVJCL
2025-04-04 03:22:12.202438 - Found SYNTAX.rexx (text/plain) in PVELS.CBT.EXEC, moved to EXECS/SYNTAX
2025-04-04 03:22:12.202919 - Found INSTALL.jcl (text/plain) in CBT.V508.FILE1001.PDS, moved to PDS/INSTALL
2025-04-04 03:22:12.203053 - Found INSTALLS.jcl (text/plain) in CBT.V508.FILE1001.PDS, moved to PDS/INSTALLS
2025-04-04 03:22:12.203533 - Found PANELS.xmi (application/xmit) in CBT.V508.FILE1001.PDS, moved to PDS/PANELS.xmi
2025-04-04 03:22:12.232410 - Received PVELS.CBT.PANELS from PANELS.xmi 
2025-04-04 03:22:12.232956 - Found FERNSIDE.txt (text/plain) in PVELS.CBT.PANELS, moved to PANELS/FERNSIDE
2025-04-04 03:22:12.233089 - Found PVALLOCD.bin (application/octet-stream) in PVELS.CBT.PANELS, moved to PANELS/PVALLOCD
2025-04-04 03:22:12.233222 - Found PVCPUPCT.txt (text/plain) in PVELS.CBT.PANELS, moved to PANELS/PVCPUPCT
2025-04-04 03:22:12.233354 - Found SYNTAX.txt (text/plain) in PVELS.CBT.PANELS, moved to PANELS/SYNTAX
